<?xml version="1.0" encoding="UTF-8"?>
<!-- Generated by org.testng.reporters.JUnitReportReporter -->
<testsuite hostname="Mahesh" failures="0" tests="8" name="testNgOne.TestNg_Para_All_Ass" time="0.016" errors="0" timestamp="2023-11-02T12:27:30 IST" skipped="1">
  <testcase classname="testNgOne.TestNg_Para_All_Ass" name="registration2" time="0.005"/>
  <testcase classname="testNgOne.TestNg_Para_All_Ass" name="registration2" time="0.002"/>
  <testcase classname="testNgOne.TestNg_Para_All_Ass" name="login" time="0.002"/>
  <testcase classname="testNgOne.TestNg_Para_All_Ass" name="login" time="0.002"/>
  <testcase classname="testNgOne.TestNg_Para_All_Ass" name="login" time="0.002"/>
  <testcase classname="testNgOne.TestNg_Para_All_Ass" name="login" time="0.002"/>
  <testcase classname="testNgOne.TestNg_Para_All_Ass" name="login" time="0.001"/>
  <testcase classname="testNgOne.TestNg_Para_All_Ass" name="registration">
    <skipped/>
  </testcase> <!-- registration -->
</testsuite> <!-- testNgOne.TestNg_Para_All_Ass -->
