<?xml version="1.0" encoding="UTF-8"?>
<!-- Generated by org.testng.reporters.JUnitReportReporter -->
<testsuite hostname="Mahesh" failures="0" tests="2" name="testNgOne.Priority_Prog" time="0.003" errors="0" timestamp="2023-11-02T12:27:30 IST" skipped="0">
  <testcase classname="testNgOne.Priority_Prog" name="registration" time="0.001"/>
  <testcase classname="testNgOne.Priority_Prog" name="login" time="0.002"/>
</testsuite> <!-- testNgOne.Priority_Prog -->
