<?xml version="1.0" encoding="UTF-8"?>
<!-- Generated by org.testng.reporters.JUnitReportReporter -->
<testsuite hostname="Mahesh" failures="0" tests="1" name="testNgOne.Three" time="0.002" errors="0" timestamp="2023-11-02T12:27:30 IST" skipped="0">
  <testcase classname="testNgOne.Three" name="test" time="0.002"/>
</testsuite> <!-- testNgOne.Three -->
