<?xml version="1.0" encoding="UTF-8"?>
<!-- Generated by org.testng.reporters.JUnitReportReporter -->
<testsuite hostname="Mahesh" failures="0" tests="2" name="testNgOne.TestNg_Enabled_Prog" time="0.001" errors="0" timestamp="2023-11-02T12:27:30 IST" skipped="1">
  <testcase classname="testNgOne.TestNg_Enabled_Prog" name="registration" time="0.001"/>
  <testcase classname="testNgOne.TestNg_Enabled_Prog" name="login">
    <skipped/>
  </testcase> <!-- login -->
</testsuite> <!-- testNgOne.TestNg_Enabled_Prog -->
