<?xml version="1.0" encoding="UTF-8"?>
<!-- Generated by org.testng.reporters.JUnitReportReporter -->
<testsuite hostname="Mahesh" failures="0" tests="1" name="testng5ClassCrossbrowsertesting.TestCase3" time="11.765" errors="0" timestamp="2023-11-28T11:28:46 IST" skipped="0">
  <testcase classname="testng5ClassCrossbrowsertesting.TestCase3" name="scenario1" time="11.765"/>
</testsuite> <!-- testng5ClassCrossbrowsertesting.TestCase3 -->
