<?xml version="1.0" encoding="UTF-8"?>
<!-- Generated by org.testng.reporters.JUnitReportReporter -->
<testsuite hostname="Mahesh" failures="0" tests="1" name="testng5ScreenShotForPassedAndFailedTestCaseFolder.TestCase4" time="8.984" errors="0" timestamp="2023-11-28T15:16:22 IST" skipped="0">
  <testcase classname="testng5ScreenShotForPassedAndFailedTestCaseFolder.TestCase4" name="scenario1" time="8.984">
    <system-out>
      <![CDATA[Test case execution started
Test case execution passed]]>
    </system-out>
  </testcase> <!-- scenario1 -->
  <system-out>
    <![CDATA[Test case execution started
Test case execution got failed
Test case execution started
Test case execution got failed
Test case execution started
Test case execution passed
Test case execution started
Test case execution passed
Test case execution started
Test case execution passed]]>
  </system-out>
</testsuite> <!-- testng5ScreenShotForPassedAndFailedTestCaseFolder.TestCase4 -->
