<?xml version="1.0" encoding="UTF-8"?>
<!-- Generated by org.testng.reporters.JUnitReportReporter -->
<testsuite hostname="Mahesh" failures="0" tests="3" name="testNgOne.FiveCase" time="13.886" errors="0" timestamp="2023-11-02T12:27:30 IST" skipped="0">
  <testcase classname="testNgOne.FiveCase" name="launc2" time="3.121"/>
  <testcase classname="testNgOne.FiveCase" name="launc3" time="7.859"/>
  <testcase classname="testNgOne.FiveCase" name="launc" time="2.906"/>
</testsuite> <!-- testNgOne.FiveCase -->
