<?xml version="1.0" encoding="UTF-8"?>
<!-- Generated by org.testng.reporters.JUnitReportReporter -->
<testsuite hostname="Mahesh" failures="0" tests="1" name="testng5ClassCrossbrowsertesting.TestCase5" time="8.833" errors="0" timestamp="2023-11-28T11:28:46 IST" skipped="0">
  <testcase classname="testng5ClassCrossbrowsertesting.TestCase5" name="scenario1" time="8.833"/>
</testsuite> <!-- testng5ClassCrossbrowsertesting.TestCase5 -->
