<?xml version="1.0" encoding="UTF-8"?>
<!-- Generated by org.testng.reporters.JUnitReportReporter -->
<testsuite hostname="Mahesh" failures="0" tests="3" name="fetchingValue.ParametersProg2" time="38.756" errors="0" timestamp="2023-11-11T17:47:38 IST" skipped="0">
  <testcase classname="fetchingValue.ParametersProg2" name="google_india" time="10.639"/>
  <testcase classname="fetchingValue.ParametersProg2" name="google_india" time="14.997"/>
  <testcase classname="fetchingValue.ParametersProg2" name="google_india" time="13.120"/>
</testsuite> <!-- fetchingValue.ParametersProg2 -->
