<?xml version="1.0" encoding="UTF-8"?>
<!-- Generated by org.testng.reporters.JUnitReportReporter -->
<testsuite hostname="Mahesh" failures="0" tests="10" name="dataProvider_pkg.DataproviderAss" time="0.026" errors="0" timestamp="2023-11-17T09:50:57 IST" skipped="0">
  <testcase classname="dataProvider_pkg.DataproviderAss" name="testMethood" time="0.010"/>
  <testcase classname="dataProvider_pkg.DataproviderAss" name="testMethood" time="0.002"/>
  <testcase classname="dataProvider_pkg.DataproviderAss" name="testMethood" time="0.001"/>
  <testcase classname="dataProvider_pkg.DataproviderAss" name="testMethood" time="0.001"/>
  <testcase classname="dataProvider_pkg.DataproviderAss" name="testMethood" time="0.001"/>
  <testcase classname="dataProvider_pkg.DataproviderAss" name="testMethood" time="0.002"/>
  <testcase classname="dataProvider_pkg.DataproviderAss" name="testMethood" time="0.002"/>
  <testcase classname="dataProvider_pkg.DataproviderAss" name="testMethood" time="0.002"/>
  <testcase classname="dataProvider_pkg.DataproviderAss" name="testMethood" time="0.003"/>
  <testcase classname="dataProvider_pkg.DataproviderAss" name="testMethood" time="0.002"/>
</testsuite> <!-- dataProvider_pkg.DataproviderAss -->
