<?xml version="1.0" encoding="UTF-8"?>
<!-- Generated by org.testng.reporters.JUnitReportReporter -->
<testsuite hostname="Mahesh" failures="0" tests="4" name="fetchingValue.ChildDDTLogin" time="28.598" errors="0" timestamp="2023-11-28T06:40:16 IST" skipped="0">
  <testcase classname="fetchingValue.ChildDDTLogin" name="testSauce" time="10.246"/>
  <system-out/>
  <testcase classname="fetchingValue.ChildDDTLogin" name="testSauce" time="5.265"/>
  <system-out/>
  <testcase classname="fetchingValue.ChildDDTLogin" name="testSauce" time="8.252"/>
  <system-out/>
  <testcase classname="fetchingValue.ChildDDTLogin" name="testSauce" time="4.835"/>
  <system-out/>
</testsuite> <!-- fetchingValue.ChildDDTLogin -->
