<?xml version="1.0" encoding="UTF-8"?>
<!-- Generated by org.testng.reporters.JUnitReportReporter -->
<testsuite hostname="Mahesh" failures="0" tests="5" name="dataProvider_pkg.DataproviderAss2" time="53.993" errors="0" timestamp="2023-12-01T17:47:08 IST" skipped="0">
  <testcase classname="dataProvider_pkg.DataproviderAss2" name="Login" time="10.841"/>
  <system-out/>
  <testcase classname="dataProvider_pkg.DataproviderAss2" name="Login" time="9.277"/>
  <system-out/>
  <testcase classname="dataProvider_pkg.DataproviderAss2" name="Login" time="8.322"/>
  <system-out/>
  <testcase classname="dataProvider_pkg.DataproviderAss2" name="Login" time="12.258"/>
  <system-out/>
  <testcase classname="dataProvider_pkg.DataproviderAss2" name="Login" time="13.295"/>
  <system-out/>
</testsuite> <!-- dataProvider_pkg.DataproviderAss2 -->
