<?xml version="1.0" encoding="UTF-8"?>
<!-- Generated by org.testng.reporters.JUnitReportReporter -->
<testsuite hostname="Mahesh" failures="0" tests="6" name="dataProvider_pkg.Class66DataProvider" time="0.011" errors="0" timestamp="2023-12-02T07:47:30 IST" skipped="0">
  <testcase classname="dataProvider_pkg.Class66DataProvider" name="testcase1" time="0.001"/>
  <system-out/>
  <testcase classname="dataProvider_pkg.Class66DataProvider" name="testcase1" time="0.000"/>
  <system-out/>
  <testcase classname="dataProvider_pkg.Class66DataProvider" name="testcase1" time="0.009"/>
  <system-out/>
  <testcase classname="dataProvider_pkg.Class66DataProvider" name="testcase1" time="0.000"/>
  <system-out/>
  <testcase classname="dataProvider_pkg.Class66DataProvider" name="testcase1" time="0.000"/>
  <system-out/>
  <testcase classname="dataProvider_pkg.Class66DataProvider" name="testcase1" time="0.001"/>
  <system-out/>
</testsuite> <!-- dataProvider_pkg.Class66DataProvider -->
