<?xml version="1.0" encoding="UTF-8"?>
<!-- Generated by org.testng.reporters.JUnitReportReporter -->
<testsuite hostname="Mahesh" failures="0" tests="2" name="testNggrouping.Class57" time="0.010" errors="0" timestamp="2023-12-02T07:45:17 IST" skipped="0">
  <testcase classname="testNggrouping.Class57" name="method3" time="0.008"/>
  <system-out/>
  <testcase classname="testNggrouping.Class57" name="method4" time="0.002"/>
  <system-out/>
</testsuite> <!-- testNggrouping.Class57 -->
