<?xml version="1.0" encoding="UTF-8"?>
<!-- Generated by org.testng.reporters.JUnitReportReporter -->
<testsuite hostname="Mahesh" failures="0" tests="1" name="fb_test.TestCase1" time="9.189" errors="0" timestamp="2023-11-29T14:23:49 IST" skipped="0">
  <testcase classname="fb_test.TestCase1" name="loginWithValidData" time="9.189"/>
  <system-out/>
</testsuite> <!-- fb_test.TestCase1 -->
