<?xml version="1.0" encoding="UTF-8"?>
<!-- Generated by org.testng.reporters.JUnitReportReporter -->
<testsuite hostname="Mahesh" failures="0" tests="2" name="dataProvider_pkg.Class66DataProvider2" time="10.431" errors="0" timestamp="2023-11-17T08:53:06 IST" skipped="0">
  <testcase classname="dataProvider_pkg.Class66DataProvider2" name="loginOnAmazon" time="2.543"/>
  <testcase classname="dataProvider_pkg.Class66DataProvider2" name="loginOnAmazon" time="7.888"/>
</testsuite> <!-- dataProvider_pkg.Class66DataProvider2 -->
