<?xml version="1.0" encoding="UTF-8"?>
<!-- Generated by org.testng.reporters.JUnitReportReporter -->
<testsuite hostname="Mahesh" failures="0" tests="1" name="testng_listnersPkg.TestCase1" time="7.098" errors="0" timestamp="2023-11-24T09:13:43 IST" skipped="0">
  <testcase classname="testng_listnersPkg.TestCase1" name="test" time="7.098">
    <system-out>
      <![CDATA[Test case execution started
Test case execution passed]]>
    </system-out>
  </testcase> <!-- test -->
  <system-out>
    <![CDATA[Test case execution started
Test case execution passed]]>
  </system-out>
</testsuite> <!-- testng_listnersPkg.TestCase1 -->
